TN:
SF:/Users/jlmakes/Development/scrollreveal/lib/src/instance/defaults.js
FN:26,beforeReveal
FN:27,beforeReset
FN:28,afterReveal
FN:29,afterReset
FNF:4
FNH:0
FNDA:0,beforeReveal
FNDA:0,beforeReset
FNDA:0,afterReveal
FNDA:0,afterReset
LF:0
LH:0
BRF:0
BRH:0
end_of_record
TN:
SF:/Users/jlmakes/Development/scrollreveal/lib/src/instance/noop.js
FN:2,clean
FN:3,destroy
FN:4,reveal
FN:5,sync
FN:6,(anonymous_5)
FNF:5
FNH:1
FNDA:0,clean
FNDA:0,destroy
FNDA:0,reveal
FNDA:0,sync
FNDA:6,(anonymous_5)
DA:6,6
LF:1
LH:1
BRF:0
BRH:0
end_of_record
TN:
SF:/Users/jlmakes/Development/scrollreveal/lib/src/utils/generic.js
FN:1,deepAssign
FN:6,(anonymous_2)
FN:7,(anonymous_3)
FN:25,isObject
FN:31,each
FN:47,(anonymous_6)
FN:49,(anonymous_7)
FNF:7
FNH:7
FNDA:26,deepAssign
FNDA:33,(anonymous_2)
FNDA:192,(anonymous_3)
FNDA:288,isObject
FNDA:64,each
FNDA:2,(anonymous_6)
FNDA:3,(anonymous_7)
DA:1,1
DA:2,26
DA:3,34
DA:5,26
DA:6,25
DA:7,33
DA:8,192
DA:9,15
DA:10,14
DA:12,15
DA:14,177
DA:18,23
DA:20,1
DA:25,1
DA:26,288
DA:31,1
DA:32,64
DA:33,34
DA:34,34
DA:35,198
DA:37,30
DA:38,27
DA:39,39
DA:42,3
DA:47,2
DA:48,2
DA:49,3
LF:27
LH:27
BRDA:5,1,0,25
BRDA:5,1,1,1
BRDA:8,2,0,15
BRDA:8,2,1,177
BRDA:9,3,0,14
BRDA:9,3,1,1
BRDA:9,4,0,15
BRDA:9,4,1,1
BRDA:26,5,0,288
BRDA:26,5,1,283
BRDA:26,5,2,111
BRDA:26,5,3,38
BRDA:32,6,0,34
BRDA:32,6,1,30
BRDA:37,7,0,27
BRDA:37,7,1,3
BRF:16
BRH:16
end_of_record
TN:
SF:/Users/jlmakes/Development/scrollreveal/lib/src/utils/browser.js
FN:1,(anonymous_1)
FN:5,getPrefixedStyleProperty
FN:23,(anonymous_3)
FN:29,isMobile
FN:36,isNode
FN:46,isNodeList
FN:59,transformSupported
FN:65,transitionSupported
FNF:8
FNH:8
FNDA:3,(anonymous_1)
FNDA:6,getPrefixedStyleProperty
FNDA:5,(anonymous_3)
FNDA:14,isMobile
FNDA:20,isNode
FNDA:8,isNodeList
FNDA:8,transformSupported
FNDA:8,transitionSupported
DA:1,3
DA:2,3
DA:3,3
DA:5,1
DA:6,6
DA:8,6
DA:9,5
DA:10,1
DA:12,4
DA:13,1
DA:15,3
DA:16,2
DA:18,1
DA:20,1
DA:23,5
DA:25,3
DA:29,1
DA:30,14
DA:32,14
DA:36,1
DA:37,20
DA:46,1
DA:47,8
DA:48,8
DA:50,8
DA:59,1
DA:60,8
DA:61,8
DA:65,1
DA:66,8
DA:67,8
LF:31
LH:31
BRDA:6,1,0,1
BRDA:6,1,1,5
BRDA:8,2,0,5
BRDA:8,2,1,1
BRDA:8,3,0,6
BRDA:8,3,1,5
BRDA:9,4,0,1
BRDA:9,4,1,4
BRDA:12,5,0,1
BRDA:12,5,1,3
BRDA:15,6,0,2
BRDA:15,6,1,1
BRDA:30,7,0,9
BRDA:30,7,1,5
BRDA:37,8,0,20
BRDA:37,8,1,0
BRDA:39,9,0,0
BRDA:39,9,1,0
BRDA:39,9,2,0
BRDA:39,9,3,0
BRDA:50,10,0,8
BRDA:50,10,1,0
BRDA:52,11,0,0
BRDA:52,11,1,0
BRDA:52,11,2,0
BRDA:52,11,3,0
BRDA:52,11,4,0
BRDA:61,12,0,8
BRDA:61,12,1,8
BRDA:67,13,0,8
BRDA:67,13,1,0
BRF:31
BRH:19
end_of_record
TN:
SF:/Users/jlmakes/Development/scrollreveal/lib/src/utils/core.js
FN:4,isElementVisible
FN:31,getGeometry
FN:66,getNode
FN:82,getNodes
FN:101,getScrolled
FN:113,logger
FN:119,(anonymous_7)
FNF:7
FNH:4
FNDA:0,isElementVisible
FNDA:0,getGeometry
FNDA:11,getNode
FNDA:7,getNodes
FNDA:0,getScrolled
FNDA:16,logger
FNDA:9,(anonymous_7)
DA:4,1
DA:5,0
DA:6,0
DA:7,0
DA:9,0
DA:16,0
DA:23,0
DA:31,1
DA:36,0
DA:37,0
DA:39,0
DA:40,0
DA:41,0
DA:43,0
DA:44,0
DA:45,0
DA:47,0
DA:48,0
DA:50,0
DA:53,0
DA:66,1
DA:67,11
DA:69,11
DA:70,11
DA:71,5
DA:72,5
DA:73,3
DA:75,2
DA:78,11
DA:82,1
DA:83,7
DA:85,7
DA:86,6
DA:87,5
DA:88,5
DA:89,5
DA:90,3
DA:91,3
DA:92,2
DA:94,2
DA:97,4
DA:101,1
DA:102,0
DA:113,1
DA:114,16
DA:115,16
DA:117,16
DA:118,16
DA:119,16
DA:120,16
LF:50
LH:31
BRDA:23,1,0,0
BRDA:23,1,1,0
BRDA:23,1,2,0
BRDA:23,1,3,0
BRDA:23,1,4,0
BRDA:36,2,0,0
BRDA:36,2,1,0
BRDA:37,3,0,0
BRDA:37,3,1,0
BRDA:44,4,0,0
BRDA:44,4,1,0
BRDA:47,5,0,0
BRDA:47,5,1,0
BRDA:67,6,0,11
BRDA:67,6,1,0
BRDA:70,7,0,5
BRDA:70,7,1,6
BRDA:73,8,0,2
BRDA:73,8,1,1
BRDA:78,9,0,5
BRDA:78,9,1,6
BRDA:83,10,0,7
BRDA:83,10,1,0
BRDA:85,11,0,1
BRDA:85,11,1,6
BRDA:86,12,0,1
BRDA:86,12,1,5
BRDA:87,13,0,5
BRDA:87,13,1,0
BRDA:91,14,0,1
BRDA:91,14,1,2
BRDA:102,15,0,0
BRDA:102,15,1,0
BRDA:117,16,0,16
BRDA:117,16,1,0
BRF:35
BRH:16
end_of_record
TN:
SF:/Users/jlmakes/Development/scrollreveal/lib/src/instance/functions/rinse.js
FN:4,rinse
FN:26,(anonymous_2)
FN:34,(anonymous_3)
FN:40,(anonymous_4)
FN:45,(anonymous_5)
FN:59,(anonymous_6)
FN:65,(anonymous_7)
FN:74,(anonymous_8)
FN:80,(anonymous_9)
FNF:9
FNH:0
FNDA:0,rinse
FNDA:0,(anonymous_2)
FNDA:0,(anonymous_3)
FNDA:0,(anonymous_4)
FNDA:0,(anonymous_5)
FNDA:0,(anonymous_6)
FNDA:0,(anonymous_7)
FNDA:0,(anonymous_8)
FNDA:0,(anonymous_9)
DA:4,1
DA:5,0
DA:8,0
DA:13,0
DA:18,0
DA:26,0
DA:27,0
DA:28,0
DA:34,0
DA:35,0
DA:36,0
DA:40,0
DA:45,0
DA:46,0
DA:47,0
DA:49,0
DA:50,0
DA:51,0
DA:59,0
DA:60,0
DA:61,0
DA:65,0
DA:66,0
DA:67,0
DA:68,0
DA:74,0
DA:75,0
DA:76,0
DA:80,0
LF:29
LH:1
BRDA:35,1,0,0
BRDA:35,1,1,0
BRDA:46,2,0,0
BRDA:46,2,1,0
BRDA:49,3,0,0
BRDA:49,3,1,0
BRDA:50,4,0,0
BRDA:50,4,1,0
BRDA:60,5,0,0
BRDA:60,5,1,0
BRDA:75,6,0,0
BRDA:75,6,1,0
BRF:12
BRH:0
end_of_record
TN:
SF:/Users/jlmakes/Development/scrollreveal/lib/src/instance/methods/clean.js
FN:6,clean
FN:12,(anonymous_2)
FNF:2
FNH:0
FNDA:0,clean
FNDA:0,(anonymous_2)
DA:6,1
DA:7,0
DA:10,0
DA:12,0
DA:13,0
DA:14,0
DA:15,0
DA:16,0
DA:17,0
DA:18,0
DA:22,0
LF:11
LH:1
BRDA:14,1,0,0
BRDA:14,1,1,0
BRDA:22,2,0,0
BRDA:22,2,1,0
BRF:4
BRH:0
end_of_record
TN:
SF:/Users/jlmakes/Development/scrollreveal/lib/src/instance/methods/destroy.js
FN:4,destroy
FN:11,(anonymous_2)
FN:19,(anonymous_3)
FNF:3
FNH:0
FNDA:0,destroy
FNDA:0,(anonymous_2)
FNDA:0,(anonymous_3)
DA:4,1
DA:5,0
DA:11,0
DA:12,0
DA:13,0
DA:19,0
DA:20,0
DA:21,0
DA:22,0
DA:24,0
DA:25,0
DA:32,0
LF:12
LH:1
BRDA:20,1,0,0
BRDA:20,1,1,0
BRF:2
BRH:0
end_of_record
TN:
SF:/Users/jlmakes/Development/scrollreveal/lib/src/instance/functions/style.js
FN:15,style
FN:161,(anonymous_2)
FNF:2
FNH:0
FNDA:0,style
FNDA:0,(anonymous_2)
DA:15,1
DA:16,0
DA:17,0
DA:18,0
DA:23,0
DA:24,0
DA:25,0
DA:27,0
DA:28,0
DA:29,0
DA:30,0
DA:36,0
DA:37,0
DA:41,0
DA:49,0
DA:51,0
DA:52,0
DA:58,0
DA:59,0
DA:60,0
DA:65,0
DA:66,0
DA:67,0
DA:69,0
DA:71,0
DA:72,0
DA:74,0
DA:75,0
DA:77,0
DA:80,0
DA:82,0
DA:85,0
DA:90,0
DA:91,0
DA:92,0
DA:93,0
DA:95,0
DA:96,0
DA:98,0
DA:103,0
DA:108,0
DA:109,0
DA:111,0
DA:116,0
DA:125,0
DA:126,0
DA:128,0
DA:129,0
DA:130,0
DA:132,0
DA:133,0
DA:134,0
DA:136,0
DA:137,0
DA:143,0
DA:144,0
DA:154,0
DA:155,0
DA:161,0
DA:162,0
DA:163,0
DA:164,0
DA:170,0
DA:176,0
LF:64
LH:1
BRDA:24,1,0,0
BRDA:24,1,1,0
BRDA:27,2,0,0
BRDA:27,2,1,0
BRDA:28,3,0,0
BRDA:28,3,1,0
BRDA:29,4,0,0
BRDA:29,4,1,0
BRDA:37,5,0,0
BRDA:37,5,1,0
BRDA:42,6,0,0
BRDA:42,6,1,0
BRDA:43,7,0,0
BRDA:43,7,1,0
BRDA:51,8,0,0
BRDA:51,8,1,0
BRDA:52,9,0,0
BRDA:52,9,1,0
BRDA:52,10,0,0
BRDA:52,10,1,0
BRDA:59,11,0,0
BRDA:59,11,1,0
BRDA:59,12,0,0
BRDA:59,12,1,0
BRDA:60,13,0,0
BRDA:60,13,1,0
BRDA:69,14,0,0
BRDA:69,14,1,0
BRDA:69,14,2,0
BRDA:69,14,3,0
BRDA:77,15,0,0
BRDA:77,15,1,0
BRDA:85,16,0,0
BRDA:85,16,1,0
BRDA:90,17,0,0
BRDA:90,17,1,0
BRDA:91,18,0,0
BRDA:91,18,1,0
BRDA:92,19,0,0
BRDA:92,19,1,0
BRDA:93,20,0,0
BRDA:93,20,1,0
BRDA:96,21,0,0
BRDA:96,21,1,0
BRDA:126,22,0,0
BRDA:126,22,1,0
BRDA:126,23,0,0
BRDA:126,23,1,0
BRDA:136,24,0,0
BRDA:136,24,1,0
BRDA:143,25,0,0
BRDA:143,25,1,0
BRDA:154,26,0,0
BRDA:154,26,1,0
BRDA:154,27,0,0
BRDA:154,27,1,0
BRDA:162,28,0,0
BRDA:162,28,1,0
BRDA:163,29,0,0
BRDA:163,29,1,0
BRF:60
BRH:0
end_of_record
TN:
SF:/Users/jlmakes/Development/scrollreveal/lib/src/instance/functions/initialize.js
FN:5,initialize
FN:11,(anonymous_2)
FN:25,(anonymous_3)
FNF:3
FNH:0
FNDA:0,initialize
FNDA:0,(anonymous_2)
FNDA:0,(anonymous_3)
DA:5,1
DA:6,0
DA:9,0
DA:11,0
DA:12,0
DA:14,0
DA:15,0
DA:16,0
DA:18,0
DA:19,0
DA:22,0
DA:25,0
DA:26,0
DA:27,0
DA:28,0
DA:30,0
DA:31,0
DA:40,0
DA:42,0
LF:19
LH:1
BRDA:14,1,0,0
BRDA:14,1,1,0
BRDA:26,2,0,0
BRDA:26,2,1,0
BRF:4
BRH:0
end_of_record
TN:
SF:/Users/jlmakes/Development/scrollreveal/lib/src/instance/methods/reveal.js
FN:9,reveal
FN:65,(anonymous_2)
FN:76,(anonymous_3)
FN:117,(anonymous_4)
FNF:4
FNH:0
FNDA:0,reveal
FNDA:0,(anonymous_2)
FNDA:0,(anonymous_3)
FNDA:0,(anonymous_4)
DA:9,1
DA:10,0
DA:18,0
DA:19,0
DA:20,0
DA:22,0
DA:23,0
DA:26,0
DA:27,0
DA:28,0
DA:29,0
DA:31,0
DA:32,0
DA:33,0
DA:39,0
DA:40,0
DA:41,0
DA:47,0
DA:48,0
DA:49,0
DA:50,0
DA:51,0
DA:59,0
DA:60,0
DA:64,0
DA:65,0
DA:66,0
DA:67,0
DA:71,0
DA:72,0
DA:75,0
DA:76,0
DA:77,0
DA:78,0
DA:80,0
DA:81,0
DA:88,0
DA:91,0
DA:92,0
DA:93,0
DA:94,0
DA:97,0
DA:98,0
DA:99,0
DA:101,0
DA:102,0
DA:106,0
DA:109,0
DA:117,0
DA:118,0
DA:119,0
DA:123,0
DA:124,0
DA:127,0
DA:132,0
DA:133,0
DA:140,0
DA:141,0
DA:147,0
DA:148,0
DA:150,0
LF:61
LH:1
BRDA:18,1,0,0
BRDA:18,1,1,0
BRDA:23,2,0,0
BRDA:23,2,1,0
BRDA:31,3,0,0
BRDA:31,3,1,0
BRDA:39,4,0,0
BRDA:39,4,1,0
BRDA:39,5,0,0
BRDA:39,5,1,0
BRDA:39,5,2,0
BRDA:39,5,3,0
BRDA:48,6,0,0
BRDA:48,6,1,0
BRDA:49,7,0,0
BRDA:49,7,1,0
BRDA:66,8,0,0
BRDA:66,8,1,0
BRDA:66,9,0,0
BRDA:66,9,1,0
BRDA:71,10,0,0
BRDA:71,10,1,0
BRDA:80,11,0,0
BRDA:80,11,1,0
BRDA:101,12,0,0
BRDA:101,12,1,0
BRDA:127,13,0,0
BRDA:127,13,1,0
BRDA:132,14,0,0
BRDA:132,14,1,0
BRDA:140,15,0,0
BRDA:140,15,1,0
BRDA:147,16,0,0
BRDA:147,16,1,0
BRF:34
BRH:0
end_of_record
TN:
SF:/Users/jlmakes/Development/scrollreveal/lib/src/instance/methods/sync.js
FN:11,sync
FN:14,(anonymous_2)
FNF:2
FNH:0
FNDA:0,sync
FNDA:0,(anonymous_2)
DA:11,1
DA:12,0
DA:14,0
DA:15,0
DA:18,0
LF:5
LH:1
BRF:0
BRH:0
end_of_record
TN:
SF:/Users/jlmakes/Development/scrollreveal/lib/src/instance/functions/animate.js
FN:5,animate
FN:33,(anonymous_2)
FN:76,registerCallbacks
FN:101,(anonymous_4)
FNF:4
FNH:0
FNDA:0,animate
FNDA:0,(anonymous_2)
FNDA:0,registerCallbacks
FNDA:0,(anonymous_4)
DA:5,1
DA:6,0
DA:9,0
DA:13,0
DA:14,0
DA:16,0
DA:18,0
DA:19,0
DA:20,0
DA:21,0
DA:23,0
DA:24,0
DA:25,0
DA:27,0
DA:28,0
DA:29,0
DA:31,0
DA:33,0
DA:34,0
DA:35,0
DA:39,0
DA:40,0
DA:42,0
DA:43,0
DA:45,0
DA:48,0
DA:49,0
DA:50,0
DA:51,0
DA:54,0
DA:56,0
DA:57,0
DA:58,0
DA:59,0
DA:60,0
DA:61,0
DA:64,0
DA:65,0
DA:66,0
DA:68,0
DA:69,0
DA:70,0
DA:76,1
DA:77,0
DA:80,0
DA:84,0
DA:85,0
DA:86,0
DA:87,0
DA:89,0
DA:90,0
DA:93,0
DA:94,0
DA:95,0
DA:96,0
DA:99,0
DA:102,0
DA:103,0
DA:104,0
DA:105,0
LF:60
LH:2
BRDA:9,1,0,0
BRDA:9,1,1,0
BRDA:9,1,2,0
BRDA:9,1,3,0
BRDA:9,1,4,0
BRDA:13,2,0,0
BRDA:13,2,1,0
BRDA:16,3,0,0
BRDA:16,3,1,0
BRDA:16,4,0,0
BRDA:16,4,1,0
BRDA:18,5,0,0
BRDA:18,5,1,0
BRDA:19,6,0,0
BRDA:19,6,1,0
BRDA:19,7,0,0
BRDA:19,7,1,0
BRDA:23,8,0,0
BRDA:23,8,1,0
BRDA:23,9,0,0
BRDA:23,9,1,0
BRDA:27,10,0,0
BRDA:27,10,1,0
BRDA:27,11,0,0
BRDA:27,11,1,0
BRDA:42,12,0,0
BRDA:42,12,1,0
BRDA:54,13,0,0
BRDA:54,13,1,0
BRDA:54,14,0,0
BRDA:54,14,1,0
BRDA:54,14,2,0
BRDA:56,15,0,0
BRDA:56,15,1,0
BRDA:57,16,0,0
BRDA:57,16,1,0
BRDA:59,17,0,0
BRDA:59,17,1,0
BRDA:80,18,0,0
BRDA:80,18,1,0
BRDA:85,19,0,0
BRDA:85,19,1,0
BRDA:94,20,0,0
BRDA:94,20,1,0
BRDA:104,21,0,0
BRDA:104,21,1,0
BRDA:104,22,0,0
BRDA:104,22,1,0
BRF:48
BRH:0
end_of_record
TN:
SF:/Users/jlmakes/Development/scrollreveal/lib/src/polyfills/requestAnimationFrame.js
FN:1,(anonymous_1)
FN:4,(anonymous_2)
FN:10,(anonymous_3)
FNF:3
FNH:3
FNDA:2,(anonymous_1)
FNDA:131075,(anonymous_2)
FNDA:65534,(anonymous_3)
DA:1,2
DA:2,2
DA:4,2
DA:5,131075
DA:6,131075
DA:7,18
DA:8,18
DA:10,131057
DA:16,2
LF:9
LH:9
BRDA:6,1,0,18
BRDA:6,1,1,131057
BRDA:16,2,0,2
BRDA:16,2,1,0
BRDA:16,2,2,0
BRDA:16,2,3,0
BRF:6
BRH:3
end_of_record
TN:
SF:/Users/jlmakes/Development/scrollreveal/lib/src/instance/functions/delegate.js
FN:8,delegate
FN:12,(anonymous_2)
FN:19,(anonymous_3)
FN:20,(anonymous_4)
FN:25,(anonymous_5)
FN:29,(anonymous_6)
FNF:6
FNH:0
FNDA:0,delegate
FNDA:0,(anonymous_2)
FNDA:0,(anonymous_3)
FNDA:0,(anonymous_4)
FNDA:0,(anonymous_5)
FNDA:0,(anonymous_6)
DA:8,1
DA:9,0
DA:10,0
DA:12,0
DA:13,0
DA:14,0
DA:16,0
DA:19,0
DA:20,0
DA:21,0
DA:25,0
DA:26,0
DA:27,0
DA:29,0
DA:30,0
DA:31,0
DA:35,0
LF:17
LH:1
BRDA:10,1,0,0
BRDA:10,1,1,0
BRDA:16,2,0,0
BRDA:16,2,1,0
BRDA:16,2,2,0
BRF:5
BRH:0
end_of_record
TN:
SF:/Users/jlmakes/Development/scrollreveal/lib/package.json
FNF:0
FNH:0
DA:1,1
DA:2,1
DA:3,1
DA:4,1
DA:5,1
DA:6,1
DA:7,1
DA:8,1
DA:9,1
DA:10,1
DA:11,1
DA:12,1
LF:12
LH:12
BRF:0
BRH:0
end_of_record
TN:
SF:/Users/jlmakes/Development/scrollreveal/lib/src/instance/constructor.js
FN:18,ScrollReveal
FN:36,(anonymous_2)
FN:39,(anonymous_3)
FN:68,(anonymous_4)
FN:72,(anonymous_5)
FN:76,(anonymous_6)
FNF:6
FNH:6
FNDA:11,ScrollReveal
FNDA:7,(anonymous_2)
FNDA:13,(anonymous_3)
FNDA:2,(anonymous_4)
FNDA:2,(anonymous_5)
FNDA:7,(anonymous_6)
DA:18,1
DA:19,11
DA:25,11
DA:26,2
DA:29,9
DA:30,2
DA:31,2
DA:34,7
DA:35,7
DA:37,7
DA:38,7
DA:39,13
DA:43,2
DA:44,2
DA:47,5
DA:48,5
DA:49,1
DA:50,1
DA:53,4
DA:54,4
DA:57,4
DA:64,4
DA:65,4
DA:67,4
DA:68,2
DA:71,4
DA:72,2
DA:76,7
DA:78,1
DA:79,1
DA:80,1
DA:81,1
LF:32
LH:32
BRDA:19,1,0,6
BRDA:19,1,1,5
BRDA:25,2,0,2
BRDA:25,2,1,9
BRDA:25,3,0,11
BRDA:25,3,1,9
BRDA:29,4,0,2
BRDA:29,4,1,7
BRDA:48,5,0,1
BRDA:48,5,1,4
BRDA:53,6,0,4
BRDA:53,6,1,0
BRDA:53,7,0,4
BRDA:53,7,1,4
BRDA:76,8,0,7
BRDA:76,8,1,7
BRF:16
BRH:15
end_of_record
